Flow report for exp1_b_codificador
Tue Apr 16 17:41:08 2024
Quartus Prime Version 20.1.1 Build 720 11/11/2020 SJ Lite Edition


---------------------
; Table of Contents ;
---------------------
  1. Legal Notice
  2. Flow Summary
  3. Flow Settings
  4. Flow Non-Default Global Settings
  5. Flow Elapsed Time
  6. Flow OS Summary
  7. Flow Log
  8. Flow Messages
  9. Flow Suppressed Messages



----------------
; Legal Notice ;
----------------
Copyright (C) 2020  Intel Corporation. All rights reserved.
Your use of Intel Corporation's design tools, logic functions 
and other software and tools, and any partner logic 
functions, and any output files from any of the foregoing 
(including device programming or simulation files), and any 
associated documentation or information are expressly subject 
to the terms and conditions of the Intel Program License 
Subscription Agreement, the Intel Quartus Prime License Agreement,
the Intel FPGA IP License Agreement, or other applicable license
agreement, including, without limitation, that your use is for
the sole purpose of programming logic devices manufactured by
Intel and sold by Intel or its authorized distributors.  Please
refer to the applicable agreement for further details, at
https://fpgasoftware.intel.com/eula.



+-------------------------------------------------------------------------------+
; Flow Summary                                                                  ;
+---------------------------------+---------------------------------------------+
; Flow Status                     ; Successful - Tue Apr 16 17:40:59 2024       ;
; Quartus Prime Version           ; 20.1.1 Build 720 11/11/2020 SJ Lite Edition ;
; Revision Name                   ; exp1_b_codificador                          ;
; Top-level Entity Name           ; exp6_serial_in_top                          ;
; Family                          ; Cyclone V                                   ;
; Device                          ; 5CEBA4F23C7                                 ;
; Timing Models                   ; Final                                       ;
; Logic utilization (in ALMs)     ; 128 / 18,480 ( < 1 % )                      ;
; Total registers                 ; 176                                         ;
; Total pins                      ; 140 / 224 ( 63 % )                          ;
; Total virtual pins              ; 0                                           ;
; Total block memory bits         ; 0 / 3,153,920 ( 0 % )                       ;
; Total DSP Blocks                ; 0 / 66 ( 0 % )                              ;
; Total HSSI RX PCSs              ; 0                                           ;
; Total HSSI PMA RX Deserializers ; 0                                           ;
; Total HSSI TX PCSs              ; 0                                           ;
; Total HSSI PMA TX Serializers   ; 0                                           ;
; Total PLLs                      ; 0 / 4 ( 0 % )                               ;
; Total DLLs                      ; 0 / 4 ( 0 % )                               ;
+---------------------------------+---------------------------------------------+


+-----------------------------------------+
; Flow Settings                           ;
+-------------------+---------------------+
; Option            ; Setting             ;
+-------------------+---------------------+
; Start date & time ; 04/16/2024 17:40:10 ;
; Main task         ; Compilation         ;
; Revision Name     ; exp1_b_codificador  ;
+-------------------+---------------------+


+------------------------------------------------------------------------------------------------------------------------------------------------------------+
; Flow Non-Default Global Settings                                                                                                                           ;
+-------------------------------------+----------------------------------------+--------------------+--------------------+-----------------------------------+
; Assignment Name                     ; Value                                  ; Default Value      ; Entity Name        ; Section Id                        ;
+-------------------------------------+----------------------------------------+--------------------+--------------------+-----------------------------------+
; COMPILER_SIGNATURE_ID               ; 47203066435396.171330001003176         ; --                 ; --                 ; --                                ;
; EDA_GENERATE_FUNCTIONAL_NETLIST     ; Off                                    ; --                 ; --                 ; eda_board_design_timing           ;
; EDA_GENERATE_FUNCTIONAL_NETLIST     ; Off                                    ; --                 ; --                 ; eda_board_design_boundary_scan    ;
; EDA_GENERATE_FUNCTIONAL_NETLIST     ; Off                                    ; --                 ; --                 ; eda_board_design_signal_integrity ;
; EDA_GENERATE_FUNCTIONAL_NETLIST     ; Off                                    ; --                 ; --                 ; eda_board_design_symbol           ;
; EDA_OUTPUT_DATA_FORMAT              ; Vhdl                                   ; --                 ; --                 ; eda_simulation                    ;
; EDA_SIMULATION_TOOL                 ; Questa Intel FPGA (VHDL)               ; <None>             ; --                 ; --                                ;
; EDA_TIME_SCALE                      ; 1 ps                                   ; --                 ; --                 ; eda_simulation                    ;
; FITTER_EFFORT                       ; Standard Fit                           ; Auto Fit           ; --                 ; --                                ;
; MAX_CORE_JUNCTION_TEMP              ; 85                                     ; --                 ; --                 ; --                                ;
; MIN_CORE_JUNCTION_TEMP              ; 0                                      ; --                 ; --                 ; --                                ;
; OPTIMIZATION_TECHNIQUE              ; Speed                                  ; Balanced           ; --                 ; --                                ;
; OUTPUT_IO_TIMING_FAR_END_VMEAS      ; Half Signal Swing                      ; --                 ; --                 ; --                                ;
; OUTPUT_IO_TIMING_FAR_END_VMEAS      ; Half Signal Swing                      ; --                 ; --                 ; --                                ;
; OUTPUT_IO_TIMING_NEAR_END_VMEAS     ; Half Vccio                             ; --                 ; --                 ; --                                ;
; OUTPUT_IO_TIMING_NEAR_END_VMEAS     ; Half Vccio                             ; --                 ; --                 ; --                                ;
; PARTITION_COLOR                     ; -- (Not supported for targeted family) ; --                 ; exp6_serial_in_top ; Top                               ;
; PARTITION_FITTER_PRESERVATION_LEVEL ; -- (Not supported for targeted family) ; --                 ; exp6_serial_in_top ; Top                               ;
; PARTITION_NETLIST_TYPE              ; -- (Not supported for targeted family) ; --                 ; exp6_serial_in_top ; Top                               ;
; POWER_BOARD_THERMAL_MODEL           ; None (CONSERVATIVE)                    ; --                 ; --                 ; --                                ;
; POWER_PRESET_COOLING_SOLUTION       ; 23 MM HEAT SINK WITH 200 LFPM AIRFLOW  ; --                 ; --                 ; --                                ;
; PROJECT_OUTPUT_DIRECTORY            ; output_files                           ; --                 ; --                 ; --                                ;
; TOP_LEVEL_ENTITY                    ; exp6_serial_in_top                     ; exp1_b_codificador ; --                 ; --                                ;
+-------------------------------------+----------------------------------------+--------------------+--------------------+-----------------------------------+


+--------------------------------------------------------------------------------------------------------------------------+
; Flow Elapsed Time                                                                                                        ;
+----------------------+--------------+-------------------------+---------------------+------------------------------------+
; Module Name          ; Elapsed Time ; Average Processors Used ; Peak Virtual Memory ; Total CPU Time (on all processors) ;
+----------------------+--------------+-------------------------+---------------------+------------------------------------+
; Analysis & Synthesis ; 00:00:12     ; 1.0                     ; 4847 MB             ; 00:00:30                           ;
; Fitter               ; 00:00:28     ; 1.1                     ; 6282 MB             ; 00:00:47                           ;
; Assembler            ; 00:00:06     ; 1.0                     ; 4822 MB             ; 00:00:06                           ;
; Timing Analyzer      ; 00:00:08     ; 1.1                     ; 5076 MB             ; 00:00:08                           ;
; Total                ; 00:00:54     ; --                      ; --                  ; 00:01:31                           ;
+----------------------+--------------+-------------------------+---------------------+------------------------------------+


+------------------------------------------------------------------------------------+
; Flow OS Summary                                                                    ;
+----------------------+------------------+------------+------------+----------------+
; Module Name          ; Machine Hostname ; OS Name    ; OS Version ; Processor type ;
+----------------------+------------------+------------+------------+----------------+
; Analysis & Synthesis ; DESKTOP-D670JL6  ; Windows 10 ; 10.0       ; x86_64         ;
; Fitter               ; DESKTOP-D670JL6  ; Windows 10 ; 10.0       ; x86_64         ;
; Assembler            ; DESKTOP-D670JL6  ; Windows 10 ; 10.0       ; x86_64         ;
; Timing Analyzer      ; DESKTOP-D670JL6  ; Windows 10 ; 10.0       ; x86_64         ;
+----------------------+------------------+------------+------------+----------------+


------------
; Flow Log ;
------------
quartus_map --read_settings_files=on --write_settings_files=off exp1_b_codificador -c exp1_b_codificador
quartus_fit --read_settings_files=off --write_settings_files=off exp1_b_codificador -c exp1_b_codificador
quartus_asm --read_settings_files=off --write_settings_files=off exp1_b_codificador -c exp1_b_codificador
quartus_sta exp1_b_codificador -c exp1_b_codificador



